{"$message_type":"diagnostic","message":"unresolved import `terminal_banner`","code":{"code":"E0432","explanation":"An import was unresolved.\n\nErroneous code example:\n\n```compile_fail,E0432\nuse something::Foo; // error: unresolved import `something::Foo`.\n```\n\nIn Rust 2015, paths in `use` statements are relative to the crate root. To\nimport items relative to the current and parent modules, use the `self::` and\n`super::` prefixes, respectively.\n\nIn Rust 2018 or later, paths in `use` statements are relative to the current\nmodule unless they begin with the name of a crate or a literal `crate::`, in\nwhich case they start from the crate root. As in Rust 2015 code, the `self::`\nand `super::` prefixes refer to the current and parent modules respectively.\n\nAlso verify that you didn't misspell the import name and that the import exists\nin the module from where you tried to import it. Example:\n\n```\nuse self::something::Foo; // Ok.\n\nmod something {\n    pub struct Foo;\n}\n# fn main() {}\n```\n\nIf you tried to use a module from an external crate and are using Rust 2015,\nyou may have missed the `extern crate` declaration (which is usually placed in\nthe crate root):\n\n```edition2015\nextern crate core; // Required to use the `core` crate in Rust 2015.\n\nuse core::any;\n# fn main() {}\n```\n\nSince Rust 2018 the `extern crate` declaration is not required and\nyou can instead just `use` it:\n\n```edition2018\nuse core::any; // No extern crate required in Rust 2018.\n# fn main() {}\n```\n"},"level":"error","spans":[{"file_name":"src/main.rs","byte_start":18,"byte_end":33,"line_start":2,"line_end":2,"column_start":5,"column_end":20,"is_primary":true,"text":[{"text":"use terminal_banner::Banner;","highlight_start":5,"highlight_end":20}],"label":"use of unresolved module or unlinked crate `terminal_banner`","suggested_replacement":null,"suggestion_applicability":null,"expansion":null}],"children":[{"message":"if you wanted to use a crate named `terminal_banner`, use `cargo add terminal_banner` to add it to your `Cargo.toml`","code":null,"level":"help","spans":[],"children":[],"rendered":null}],"rendered":"\u001b[1m\u001b[91merror[E0432]\u001b[0m\u001b[1m: unresolved import `terminal_banner`\u001b[0m\n \u001b[1m\u001b[94m--> \u001b[0msrc/main.rs:2:5\n  \u001b[1m\u001b[94m|\u001b[0m\n\u001b[1m\u001b[94m2\u001b[0m \u001b[1m\u001b[94m|\u001b[0m use terminal_banner::Banner;\n  \u001b[1m\u001b[94m|\u001b[0m     \u001b[1m\u001b[91m^^^^^^^^^^^^^^^\u001b[0m \u001b[1m\u001b[91muse of unresolved module or unlinked crate `terminal_banner`\u001b[0m\n  \u001b[1m\u001b[94m|\u001b[0m\n  \u001b[1m\u001b[94m= \u001b[0m\u001b[1mhelp\u001b[0m: if you wanted to use a crate named `terminal_banner`, use `cargo add terminal_banner` to add it to your `Cargo.toml`\n\n"}
{"$message_type":"diagnostic","message":"no method named `bold` found for reference `&'static str` in the current scope","code":{"code":"E0599","explanation":"This error occurs when a method is used on a type which doesn't implement it:\n\nErroneous code example:\n\n```compile_fail,E0599\nstruct Mouth;\n\nlet x = Mouth;\nx.chocolate(); // error: no method named `chocolate` found for type `Mouth`\n               //        in the current scope\n```\n\nIn this case, you need to implement the `chocolate` method to fix the error:\n\n```\nstruct Mouth;\n\nimpl Mouth {\n    fn chocolate(&self) { // We implement the `chocolate` method here.\n        println!(\"Hmmm! I love chocolate!\");\n    }\n}\n\nlet x = Mouth;\nx.chocolate(); // ok!\n```\n"},"level":"error","spans":[{"file_name":"src/main.rs","byte_start":124,"byte_end":128,"line_start":6,"line_end":6,"column_start":38,"column_end":42,"is_primary":true,"text":[{"text":"        .text(\"rk-crypt from RamKit\".bold().to_string().into())","highlight_start":38,"highlight_end":42}],"label":"method not found in `&'static str`","suggested_replacement":null,"suggestion_applicability":null,"expansion":null}],"children":[],"rendered":"\u001b[1m\u001b[91merror[E0599]\u001b[0m\u001b[1m: no method named `bold` found for reference `&'static str` in the current scope\u001b[0m\n \u001b[1m\u001b[94m--> \u001b[0msrc/main.rs:6:38\n  \u001b[1m\u001b[94m|\u001b[0m\n\u001b[1m\u001b[94m6\u001b[0m \u001b[1m\u001b[94m|\u001b[0m \u001b[1m\u001b[94m...\u001b[0mamKit\".bold().to_string().into())\n  \u001b[1m\u001b[94m|\u001b[0m           \u001b[1m\u001b[91m^^^^\u001b[0m \u001b[1m\u001b[91mmethod not found in `&'static str`\u001b[0m\n\n"}
{"$message_type":"diagnostic","message":"no method named `bold` found for reference `&'static str` in the current scope","code":{"code":"E0599","explanation":"This error occurs when a method is used on a type which doesn't implement it:\n\nErroneous code example:\n\n```compile_fail,E0599\nstruct Mouth;\n\nlet x = Mouth;\nx.chocolate(); // error: no method named `chocolate` found for type `Mouth`\n               //        in the current scope\n```\n\nIn this case, you need to implement the `chocolate` method to fix the error:\n\n```\nstruct Mouth;\n\nimpl Mouth {\n    fn chocolate(&self) { // We implement the `chocolate` method here.\n        println!(\"Hmmm! I love chocolate!\");\n    }\n}\n\nlet x = Mouth;\nx.chocolate(); // ok!\n```\n"},"level":"error","spans":[{"file_name":"src/main.rs","byte_start":197,"byte_end":201,"line_start":7,"line_end":7,"column_start":47,"column_end":51,"is_primary":true,"text":[{"text":"        .text(format!(\"Powered by @{}\", \"ASX\".bold().into()))","highlight_start":47,"highlight_end":51}],"label":"method not found in `&'static str`","suggested_replacement":null,"suggestion_applicability":null,"expansion":null}],"children":[],"rendered":"\u001b[1m\u001b[91merror[E0599]\u001b[0m\u001b[1m: no method named `bold` found for reference `&'static str` in the current scope\u001b[0m\n \u001b[1m\u001b[94m--> \u001b[0msrc/main.rs:7:47\n  \u001b[1m\u001b[94m|\u001b[0m\n\u001b[1m\u001b[94m7\u001b[0m \u001b[1m\u001b[94m|\u001b[0m \u001b[1m\u001b[94m...\u001b[0m \"ASX\".bold().into()))\n  \u001b[1m\u001b[94m|\u001b[0m           \u001b[1m\u001b[91m^^^^\u001b[0m \u001b[1m\u001b[91mmethod not found in `&'static str`\u001b[0m\n\n"}
{"$message_type":"diagnostic","message":"aborting due to 3 previous errors","code":null,"level":"error","spans":[],"children":[],"rendered":"\u001b[1m\u001b[91merror\u001b[0m\u001b[1m: aborting due to 3 previous errors\u001b[0m\n\n"}
{"$message_type":"diagnostic","message":"Some errors have detailed explanations: E0432, E0599.","code":null,"level":"failure-note","spans":[],"children":[],"rendered":"\u001b[1mSome errors have detailed explanations: E0432, E0599.\u001b[0m\n"}
{"$message_type":"diagnostic","message":"For more information about an error, try `rustc --explain E0432`.","code":null,"level":"failure-note","spans":[],"children":[],"rendered":"\u001b[1mFor more information about an error, try `rustc --explain E0432`.\u001b[0m\n"}
